<?xml version="1.0" encoding="UTF-8"?>
<testsuite name="matrix.rotate.RotateLandmarksBulkTest" tests="2" skipped="0" failures="1" errors="0" timestamp="2025-05-13T00:56:11" hostname="deepmediui-MacBookPro.local" time="1.438">
  <properties/>
  <testcase name="fast version still passes for 50 images()" classname="matrix.rotate.RotateLandmarksBulkTest" time="0.014"/>
  <testcase name="slow version fails for 50 images()" classname="matrix.rotate.RotateLandmarksBulkTest" time="1.423">
    <failure message="org.opentest4j.AssertionFailedError: Performance failure: took 1418 ms for 10000 images" type="org.opentest4j.AssertionFailedError">org.opentest4j.AssertionFailedError: Performance failure: took 1418 ms for 10000 images
	at app//org.junit.jupiter.api.AssertionUtils.fail(AssertionUtils.java:38)
	at app//org.junit.jupiter.api.Assertions.fail(Assertions.java:138)
	at app//kotlin.test.junit5.JUnit5Asserter.fail(JUnitSupport.kt:56)
	at app//kotlin.test.Asserter$DefaultImpls.assertTrue(Assertions.kt:652)
	at app//kotlin.test.junit5.JUnit5Asserter.assertTrue(JUnitSupport.kt:30)
	at app//kotlin.test.Asserter$DefaultImpls.assertTrue(Assertions.kt:662)
	at app//kotlin.test.junit5.JUnit5Asserter.assertTrue(JUnitSupport.kt:30)
	at app//kotlin.test.AssertionsKt__AssertionsKt.assertTrue(Assertions.kt:44)
	at app//kotlin.test.AssertionsKt.assertTrue(Unknown Source)
	at app//matrix.rotate.RotateLandmarksBulkTest.slow version fails for 50 images(RotateLandmarksTest.kt:40)
	at java.base@17.0.14/java.lang.reflect.Method.invoke(Method.java:569)
	at java.base@17.0.14/java.util.ArrayList.forEach(ArrayList.java:1511)
	at java.base@17.0.14/java.util.ArrayList.forEach(ArrayList.java:1511)
</failure>
  </testcase>
  <system-out><![CDATA[]]></system-out>
  <system-err><![CDATA[]]></system-err>
</testsuite>
